{
  "stats": {
    "suites": 2,
    "tests": 2,
    "passes": 2,
    "pending": 0,
    "failures": 0,
    "start": "2020-12-05T13:08:13.199Z",
    "end": "2020-12-05T13:09:37.236Z",
    "duration": 73743,
    "testsRegistered": 2,
    "passPercent": 100,
    "pendingPercent": 0,
    "other": 0,
    "hasOther": false,
    "skipped": 0,
    "hasSkipped": false
  },
  "results": [
    {
      "uuid": "74d2c46a-e95f-4b4c-858d-1a46d98890c3",
      "title": "",
      "fullFile": "cypress\\integration\\OnlineWeb\\RegistrationPageTest.js",
      "file": "cypress\\integration\\OnlineWeb\\RegistrationPageTest.js",
      "beforeHooks": [],
      "afterHooks": [],
      "tests": [],
      "suites": [
        {
          "uuid": "ecc9a2db-85c7-47e2-8be3-e742e416988b",
          "title": "Test Billing Page Registration Functionality",
          "fullFile": "",
          "file": "",
          "beforeHooks": [],
          "afterHooks": [],
          "tests": [
            {
              "title": "should test resgitration functionality in ipad-mini screen",
              "fullTitle": "Test Billing Page Registration Functionality should test resgitration functionality in ipad-mini screen",
              "timedOut": null,
              "duration": 50580,
              "state": "passed",
              "speed": "slow",
              "pass": true,
              "fail": false,
              "pending": false,
              "context": null,
              "code": "if (Cypress._.isArray(device)) {\n  cy.viewport(device[0], device[1]);\n} else {\n  cy.viewport(device);\n}\nutilPage.visitBillingPage();\nregistrationPage.getRegisterButton().click();\ncy.wait(10000);\nif (!screenshotTaken) {\n  //If screenshot not taken then take screenshot once and not for every iteration of device type\n  utilPage.takePercySnapShot('Registration page'); //After screnshot taken then set it to true so that it's not repeated afterwards\n  screenshotTaken = true;\n}\nregistrationPage.getFirstNameField().type(data.firstName, {\n  force: true\n});\nregistrationPage.getLastNameField().type(data.lastName, {\n  force: true\n});\nregistrationPage.getNextButton().click({\n  force: true\n});\nregistrationPage.getCustomerNumberField().type(data.OCNCustomer, {\n  force: true\n});\nregistrationPage.getNextButtonToUserDetailsPage().click({\n  force: true\n});\nregistrationPage.getEmailAddressTextField().type(data.email, {\n  force: true\n});\nregistrationPage.getPhoneNumberTextField().type(data.phoneNumber, {\n  force: true\n});\nregistrationPage.getNextButton().click({\n  force: true\n});\ncy.wait(6000);\nregistrationPage.getNextButton().click({\n  force: true\n});\nregistrationPage.getNextButton().click({\n  force: true\n});\ncy.wait(4000);\nregistrationPage.getTermsAndConditionsCheckBox().click({\n  force: true\n});\ncy.wait(4000);\nregistrationPage.getSubmitButton().click({\n  force: true\n});\nutilPage.reloadPage();\ncy.wait(6000);",
              "err": {},
              "uuid": "72b52726-dac2-4296-923e-9f286fb505eb",
              "parentUUID": "ecc9a2db-85c7-47e2-8be3-e742e416988b",
              "isHook": false,
              "skipped": false
            }
          ],
          "suites": [],
          "passes": [
            "72b52726-dac2-4296-923e-9f286fb505eb"
          ],
          "failures": [],
          "pending": [],
          "skipped": [],
          "duration": 50580,
          "root": false,
          "rootEmpty": false,
          "_timeout": 2000
        }
      ],
      "passes": [],
      "failures": [],
      "pending": [],
      "skipped": [],
      "duration": 0,
      "root": true,
      "rootEmpty": true,
      "_timeout": 2000
    },
    {
      "uuid": "652410f4-aca7-4eca-a275-7ce1aaa959c9",
      "title": "",
      "fullFile": "cypress\\integration\\OnlineWeb\\LoginPageTest.js",
      "file": "cypress\\integration\\OnlineWeb\\LoginPageTest.js",
      "beforeHooks": [],
      "afterHooks": [],
      "tests": [],
      "suites": [
        {
          "uuid": "71cbf4b5-7419-4b88-b02b-fa351cc47a85",
          "title": "Test Login Functionality",
          "fullFile": "",
          "file": "",
          "beforeHooks": [],
          "afterHooks": [],
          "tests": [
            {
              "title": "should test login functionality in ipad-mini screen",
              "fullTitle": "Test Login Functionality should test login functionality in ipad-mini screen",
              "timedOut": null,
              "duration": 23163,
              "state": "passed",
              "speed": "slow",
              "pass": true,
              "fail": false,
              "pending": false,
              "context": null,
              "code": "if (Cypress._.isArray(device)) {\n  cy.viewport(device[0], device[1]);\n} else {\n  cy.viewport(device);\n}\nutilPage.visitBillingPage();\nCypress.on('uncaught:exception', function (err, runnable) {\n  // returning false here prevents Cypress from\n  // failing the test\n  //cy.log(err)\n  return false;\n});\nif (!screenshotTaken) {\n  utilPage.takePercySnapShot('Login Page');\n  screenshotTaken = true;\n}\nloginPage.getUserIDField().type(data.InternalAdmin);\nloginPage.getPasswordField().type(data.password);\nloginPage.getLoginButton().click();\ncy.wait(10000); // Cypress.on('uncaught:exception', (err, runnable) => {\n//     // returning false here prevents Cypress from\n//     // failing the test\n//     //cy.log(err)\n//     return false\n// })\nutilPage.getAuthorizeAPIEndPoint().as('authorize');\ncy.get('@authorize').should(function (response) {\n  expect(response.status).to.eq(200); // expect(response).to.have.length(500)\n  expect(response).to.have.property('headers').to.include({\n    'server': 'Colt' // ,\n    // 'content-type': 'application/json;charset=UTF-8'\n  }); //check for response bdoy to have all elements as below\n  expect(response.body).property(data.authAPiJSONData.operationElement);\n  expect(response.body).property(data.authAPiJSONData.dataElement);\n  expect(response.body).to.containSubset({\n    \"operationStatus\": {\n      \"success\": true,\n      \"messages\": [\"success\"]\n    }\n  }); //To test only selected data\n  expect(response.body.operationStatus.success).to.eq(true);\n  expect(response.body.operationStatus.messages[0]).to.eq('success');\n  expect(response.body.data[0].userName).to.equalIgnoreCase(data.InternalAdmin);\n  expect(response.body.data[0].roles[7]).to.eq(data.authAPiData.addressDoctor);\n  expect(response.body.data[0].firstName).to.eq(data.authAPiData.firstName);\n  expect(response.body.data[0].employeeType).to.eq(data.authAPiData.employeeType);\n  expect(response.body.data[0].userType).to.eq(data.authAPiData.userType); //data is an array so start with [] and declare diff objs and compare all imp data\n  expect(response.body.data).to.containSubset([{\n    \"roles\": [\"EveryOne\", \"AccountExec\", \"Colt\", \"Request_For_Approval\", \"RemoveUser\", \"ViewMyDraftOrder\", \"RTDTool\", \"AddressDoctor\", \"RaiseFaultTicket\", \"ViewStaticContent\", \"ViewMyLiveServices\", \"EditUser\", \"viewDocument\", \"AddUser\", \"ViewRegulatoryInformation\", \"ViewServices\", \"ViewOrders\", \"ViewBills\", \"ManageDocument\", \"RaiseBillingEnquiry\", \"RaiseServiceTicket\", \"DraftICServices\", \"ViewLiveICServices\", \"ViewTickets\", \"RaiseOtherEnquiry\"],\n    \"firstName\": \"test_123\",\n    \"lastName\": \"qwe\",\n    \"email\": \"Deepesh.Thukral@colt.net\",\n    \"belongsToOCN\": null,\n    \"isAdmin\": false,\n    \"belongsToBCN\": null,\n    \"isPartner\": false,\n    \"title\": \"Mr.\",\n    \"isActive\": true,\n    \"lastLoginDate\": null,\n    \"lastModifiedBy\": null,\n    \"employeeType\": \"Colt Employee\",\n    \"userName\": \"test2020ia\",\n    \"userType\": \"ACCOUNT_EXEC\",\n    \"ochId\": \"\"\n  }]);\n});",
              "err": {},
              "uuid": "a565c54c-823e-499c-8166-53eb6f793aa2",
              "parentUUID": "71cbf4b5-7419-4b88-b02b-fa351cc47a85",
              "isHook": false,
              "skipped": false
            }
          ],
          "suites": [],
          "passes": [
            "a565c54c-823e-499c-8166-53eb6f793aa2"
          ],
          "failures": [],
          "pending": [],
          "skipped": [],
          "duration": 23163,
          "root": false,
          "rootEmpty": false,
          "_timeout": 2000
        }
      ],
      "passes": [],
      "failures": [],
      "pending": [],
      "skipped": [],
      "duration": 0,
      "root": true,
      "rootEmpty": true,
      "_timeout": 2000
    }
  ],
  "meta": {
    "mocha": {
      "version": "7.0.1"
    },
    "mochawesome": {
      "options": {
        "quiet": false,
        "reportFilename": "mochawesome",
        "saveHtml": false,
        "saveJson": true,
        "consoleReporter": "spec",
        "useInlineDiffs": false,
        "code": true
      },
      "version": "6.2.1"
    },
    "marge": {
      "options": {
        "id": "default",
        "reportDir": "cypress/results/mochawesome",
        "quite": true,
        "overwrite": false,
        "html": false,
        "json": true
      },
      "version": "5.1.0"
    }
  }
}