{
  "stats": {
    "suites": 1,
    "tests": 1,
    "passes": 1,
    "pending": 0,
    "failures": 0,
    "start": "2020-12-05T14:10:42.605Z",
    "end": "2020-12-05T14:11:31.986Z",
    "duration": 49381,
    "testsRegistered": 1,
    "passPercent": 100,
    "pendingPercent": 0,
    "other": 0,
    "hasOther": false,
    "skipped": 0,
    "hasSkipped": false
  },
  "results": [
    {
      "uuid": "2fcf43c5-da40-4b6f-bd76-35295da3f402",
      "title": "",
      "fullFile": "cypress\\integration\\OnlineWeb\\RegistrationPageTest.js",
      "file": "cypress\\integration\\OnlineWeb\\RegistrationPageTest.js",
      "beforeHooks": [],
      "afterHooks": [],
      "tests": [],
      "suites": [
        {
          "uuid": "ff158c7f-9541-4580-bd50-4e3f615aaefd",
          "title": "Test Billing Page Registration Functionality",
          "fullFile": "",
          "file": "",
          "beforeHooks": [],
          "afterHooks": [],
          "tests": [
            {
              "title": "should test resgitration functionality in ipad-mini screen",
              "fullTitle": "Test Billing Page Registration Functionality should test resgitration functionality in ipad-mini screen",
              "timedOut": null,
              "duration": 49346,
              "state": "passed",
              "speed": "slow",
              "pass": true,
              "fail": false,
              "pending": false,
              "context": null,
              "code": "if (Cypress._.isArray(device)) {\n  cy.viewport(device[0], device[1]);\n} else {\n  cy.viewport(device);\n}\nutilPage.visitBillingPage();\nregistrationPage.getRegisterButton().click();\ncy.wait(10000);\nif (!screenshotTaken) {\n  //If screenshot not taken then take screenshot once and not for every iteration of device type\n  utilPage.takePercySnapShot('Registration page'); //After screnshot taken then set it to true so that it's not repeated afterwards\n  screenshotTaken = true;\n}\nregistrationPage.getFirstNameField().type(data.firstName, {\n  force: true\n});\nregistrationPage.getLastNameField().type(data.lastName, {\n  force: true\n});\nregistrationPage.getNextButton().click({\n  force: true\n});\nregistrationPage.getCustomerNumberField().type(data.OCNCustomer, {\n  force: true\n});\nregistrationPage.getNextButtonToUserDetailsPage().click({\n  force: true\n});\nregistrationPage.getEmailAddressTextField().type(data.email, {\n  force: true\n});\nregistrationPage.getPhoneNumberTextField().type(data.phoneNumber, {\n  force: true\n});\nregistrationPage.getNextButton().click({\n  force: true\n});\ncy.wait(6000);\nregistrationPage.getNextButton().click({\n  force: true\n});\nregistrationPage.getNextButton().click({\n  force: true\n});\ncy.wait(4000);\nregistrationPage.getTermsAndConditionsCheckBox().click({\n  force: true\n});\ncy.wait(4000);\nregistrationPage.getSubmitButton().click({\n  force: true\n});\nutilPage.reloadPage();\ncy.wait(6000);",
              "err": {},
              "uuid": "35bf1be6-3996-4033-ada4-e449e4abcf72",
              "parentUUID": "ff158c7f-9541-4580-bd50-4e3f615aaefd",
              "isHook": false,
              "skipped": false
            }
          ],
          "suites": [],
          "passes": [
            "35bf1be6-3996-4033-ada4-e449e4abcf72"
          ],
          "failures": [],
          "pending": [],
          "skipped": [],
          "duration": 49346,
          "root": false,
          "rootEmpty": false,
          "_timeout": 2000
        }
      ],
      "passes": [],
      "failures": [],
      "pending": [],
      "skipped": [],
      "duration": 0,
      "root": true,
      "rootEmpty": true,
      "_timeout": 2000
    }
  ],
  "meta": {
    "mocha": {
      "version": "7.0.1"
    },
    "mochawesome": {
      "options": {
        "quiet": false,
        "reportFilename": "mochawesome",
        "saveHtml": false,
        "saveJson": true,
        "consoleReporter": "spec",
        "useInlineDiffs": false,
        "code": true
      },
      "version": "6.2.1"
    },
    "marge": {
      "options": {
        "id": "default",
        "reportDir": "cypress/results/mochawesome",
        "quite": true,
        "overwrite": false,
        "html": false,
        "json": true
      },
      "version": "5.1.0"
    }
  }
}