{
  "stats": {
    "suites": 1,
    "tests": 1,
    "passes": 0,
    "pending": 0,
    "failures": 1,
    "start": "2020-12-05T17:43:10.274Z",
    "end": "2020-12-05T17:43:30.663Z",
    "duration": 20389,
    "testsRegistered": 1,
    "passPercent": 0,
    "pendingPercent": 0,
    "other": 0,
    "hasOther": false,
    "skipped": 0,
    "hasSkipped": false
  },
  "results": [
    {
      "uuid": "577870d9-781b-4919-a797-68dc8797fda2",
      "title": "",
      "fullFile": "cypress\\integration\\OnlineWeb\\RegistrationPageTest.js",
      "file": "cypress\\integration\\OnlineWeb\\RegistrationPageTest.js",
      "beforeHooks": [],
      "afterHooks": [],
      "tests": [],
      "suites": [
        {
          "uuid": "f4ecfed0-8845-4bc4-a664-5ce02b803d5c",
          "title": "Test Billing Page Registration Functionality",
          "fullFile": "",
          "file": "",
          "beforeHooks": [],
          "afterHooks": [],
          "tests": [
            {
              "title": "should test resgitration functionality in ipad-mini screen",
              "fullTitle": "Test Billing Page Registration Functionality should test resgitration functionality in ipad-mini screen",
              "timedOut": null,
              "duration": 20353,
              "state": "failed",
              "speed": null,
              "pass": false,
              "fail": true,
              "pending": false,
              "context": null,
              "code": "if (Cypress._.isArray(device)) {\n  cy.viewport(device[0], device[1]);\n} else {\n  cy.viewport(device);\n}\nutilPage.visitBillingPage();\nregistrationPage.getRegisterButton().click();\ncy.wait(10000);\nif (!screenshotTaken) {\n  //If screenshot not taken then take screenshot once and not for every iteration of device type\n  utilPage.takePercySnapShot('Registration page'); //After screnshot taken then set it to true so that it's not repeated afterwards\n  screenshotTaken = true;\n}\nregistrationPage.getFirstNameField().type(data.firstName, {\n  force: true\n});\nregistrationPage.getLastNameField().type(data.lastName, {\n  force: true\n});\nregistrationPage.getNextButton().click({\n  force: true\n});\nregistrationPage.getCustomerNumberField().type(data.OCNCustomer, {\n  force: true\n});\nregistrationPage.getNextButtonToUserDetailsPage().click({\n  force: true\n});\nregistrationPage.getEmailAddressTextField().type(data.email, {\n  force: true\n});\nregistrationPage.getPhoneNumberTextField().type(data.phoneNumber, {\n  force: true\n});\nregistrationPage.getNextButton().click({\n  force: true\n});\ncy.wait(6000);\nregistrationPage.getNextButton().click({\n  force: true\n});\nregistrationPage.getNextButton().click({\n  force: true\n});\ncy.wait(4000);\nregistrationPage.getTermsAndConditionsCheckBox().click({\n  force: true\n});\ncy.wait(4000);\nregistrationPage.getSubmitButton().click({\n  force: true\n});\nutilPage.reloadPage();\ncy.wait(6000);",
              "err": {
                "message": "CypressError: `cy.task('percyHealthCheck')` failed with the following error:\n\nThe 'task' event has not been registered in the plugins file. You must register it before using cy.task()\n\nFix this in your plugins file here:\nD:\\TechPractice\\CypressAutomation\\cypress\\plugins\\index.js\n\nhttps://on.cypress.io/api/task",
                "estack": "CypressError: `cy.task('percyHealthCheck')` failed with the following error:\n\nThe 'task' event has not been registered in the plugins file. You must register it before using cy.task()\n\nFix this in your plugins file here:\nD:\\TechPractice\\CypressAutomation\\cypress\\plugins\\index.js\n\nhttps://on.cypress.io/api/task\ntask/<@https://my.colt.net/__cypress/runner/cypress_runner.js:159595:21\ntryCatcher@https://my.colt.net/__cypress/runner/cypress_runner.js:10584:23\n../../node_modules/bluebird/js/release/promise.js/</module.exports/Promise.prototype._settlePromiseFromHandler@https://my.colt.net/__cypress/runner/cypress_runner.js:8519:31\n../../node_modules/bluebird/js/release/promise.js/</module.exports/Promise.prototype._settlePromise@https://my.colt.net/__cypress/runner/cypress_runner.js:8576:18\n../../node_modules/bluebird/js/release/promise.js/</module.exports/Promise.prototype._settlePromise0@https://my.colt.net/__cypress/runner/cypress_runner.js:8621:10\n../../node_modules/bluebird/js/release/promise.js/</module.exports/Promise.prototype._settlePromises@https://my.colt.net/__cypress/runner/cypress_runner.js:8697:18\n_drainQueueStep@https://my.colt.net/__cypress/runner/cypress_runner.js:5291:12\n_drainQueue@https://my.colt.net/__cypress/runner/cypress_runner.js:5284:24\n../../node_modules/bluebird/js/release/async.js/</Async.prototype._drainQueues@https://my.colt.net/__cypress/runner/cypress_runner.js:5300:16\nAsync/this.drainQueues@https://my.colt.net/__cypress/runner/cypress_runner.js:5170:14\nFrom Your Spec Code:\n    ensureExistence@https://my.colt.net/__cypress/runner/cypress_runner.js:161224:13\n    ensureElExistence@https://my.colt.net/__cypress/runner/cypress_runner.js:161242:12\n    ensureExistence@https://my.colt.net/__cypress/runner/cypress_runner.js:150507:23\n    onFailFn@https://my.colt.net/__cypress/runner/cypress_runner.js:150545:9\n    tryCatcher@https://my.colt.net/__cypress/runner/cypress_runner.js:10584:23\n    ../../node_modules/bluebird/js/release/promise.js/</module.exports/Promise.prototype._settlePromiseFromHandler@https://my.colt.net/__cypress/runner/cypress_runner.js:8519:31\n    ../../node_modules/bluebird/js/release/promise.js/</module.exports/Promise.prototype._settlePromise@https://my.colt.net/__cypress/runner/cypress_runner.js:8576:18\n    ../../node_modules/bluebird/js/release/promise.js/</module.exports/Promise.prototype._settlePromise0@https://my.colt.net/__cypress/runner/cypress_runner.js:8621:10\n    ../../node_modules/bluebird/js/release/promise.js/</module.exports/Promise.prototype._settlePromises@https://my.colt.net/__cypress/runner/cypress_runner.js:8697:18\n    _drainQueueStep@https://my.colt.net/__cypress/runner/cypress_runner.js:5291:12\n    _drainQueue@https://my.colt.net/__cypress/runner/cypress_runner.js:5284:24\n    ../../node_modules/bluebird/js/release/async.js/</Async.prototype._drainQueues@https://my.colt.net/__cypress/runner/cypress_runner.js:5300:16\n    Async/this.drainQueues@https://my.colt.net/__cypress/runner/cypress_runner.js:5170:14\n",
                "diff": null
              },
              "uuid": "bf0a4c2b-d8f1-4469-8d7f-4f7800e6b441",
              "parentUUID": "f4ecfed0-8845-4bc4-a664-5ce02b803d5c",
              "isHook": false,
              "skipped": false
            }
          ],
          "suites": [],
          "passes": [],
          "failures": [
            "bf0a4c2b-d8f1-4469-8d7f-4f7800e6b441"
          ],
          "pending": [],
          "skipped": [],
          "duration": 20353,
          "root": false,
          "rootEmpty": false,
          "_timeout": 2000
        }
      ],
      "passes": [],
      "failures": [],
      "pending": [],
      "skipped": [],
      "duration": 0,
      "root": true,
      "rootEmpty": true,
      "_timeout": 2000
    }
  ],
  "meta": {
    "mocha": {
      "version": "7.0.1"
    },
    "mochawesome": {
      "options": {
        "quiet": false,
        "reportFilename": "mochawesome",
        "saveHtml": false,
        "saveJson": true,
        "consoleReporter": "spec",
        "useInlineDiffs": false,
        "code": true
      },
      "version": "6.2.1"
    },
    "marge": {
      "options": {
        "id": "default",
        "reportDir": "cypress/results/mochawesome",
        "quite": true,
        "overwrite": false,
        "html": false,
        "json": true
      },
      "version": "5.1.0"
    }
  }
}