{
  "stats": {
    "suites": 1,
    "tests": 1,
    "passes": 1,
    "pending": 0,
    "failures": 0,
    "start": "2020-12-05T17:46:30.111Z",
    "end": "2020-12-05T17:47:02.892Z",
    "duration": 32781,
    "testsRegistered": 1,
    "passPercent": 100,
    "pendingPercent": 0,
    "other": 0,
    "hasOther": false,
    "skipped": 0,
    "hasSkipped": false
  },
  "results": [
    {
      "uuid": "3db3d069-f743-4308-95c0-28f79bac2472",
      "title": "",
      "fullFile": "cypress\\integration\\OnlineWeb\\LoginPageTest.js",
      "file": "cypress\\integration\\OnlineWeb\\LoginPageTest.js",
      "beforeHooks": [],
      "afterHooks": [],
      "tests": [],
      "suites": [
        {
          "uuid": "eee29539-22a8-4759-9da1-49d79333054b",
          "title": "Test Login Functionality",
          "fullFile": "",
          "file": "",
          "beforeHooks": [],
          "afterHooks": [],
          "tests": [
            {
              "title": "should test login functionality in ipad-mini screen",
              "fullTitle": "Test Login Functionality should test login functionality in ipad-mini screen",
              "timedOut": null,
              "duration": 32700,
              "state": "passed",
              "speed": "slow",
              "pass": true,
              "fail": false,
              "pending": false,
              "context": null,
              "code": "if (Cypress._.isArray(device)) {\n  cy.viewport(device[0], device[1]);\n} else {\n  cy.viewport(device);\n}\nutilPage.visitBillingPage();\nCypress.on('uncaught:exception', function (err, runnable) {\n  // returning false here prevents Cypress from\n  // failing the test\n  //cy.log(err)\n  return false;\n});\nif (!screenshotTaken) {\n  utilPage.takePercySnapShot('Login Page');\n  screenshotTaken = true;\n}\nloginPage.getUserIDField().type(data.InternalAdmin);\nloginPage.getPasswordField().type(data.password);\nloginPage.getLoginButton().click();\ncy.wait(10000); // Cypress.on('uncaught:exception', (err, runnable) => {\n//     // returning false here prevents Cypress from\n//     // failing the test\n//     //cy.log(err)\n//     return false\n// })\nutilPage.getAuthorizeAPIEndPoint().as('authorize');\ncy.get('@authorize').should(function (response) {\n  expect(response.status).to.eq(200); // expect(response).to.have.length(500)\n  expect(response).to.have.property('headers').to.include({\n    'server': 'Colt' // ,\n    // 'content-type': 'application/json;charset=UTF-8'\n  }); //check for response bdoy to have all elements as below\n  expect(response.body).property(data.authAPiJSONData.operationElement);\n  expect(response.body).property(data.authAPiJSONData.dataElement);\n  expect(response.body).to.containSubset({\n    \"operationStatus\": {\n      \"success\": true,\n      \"messages\": [\"success\"]\n    }\n  }); //To test only selected data\n  expect(response.body.operationStatus.success).to.eq(true);\n  expect(response.body.operationStatus.messages[0]).to.eq('success');\n  expect(response.body.data[0].userName).to.equalIgnoreCase(data.InternalAdmin);\n  expect(response.body.data[0].roles[7]).to.eq(data.authAPiData.addressDoctor);\n  expect(response.body.data[0].firstName).to.eq(data.authAPiData.firstName);\n  expect(response.body.data[0].employeeType).to.eq(data.authAPiData.employeeType);\n  expect(response.body.data[0].userType).to.eq(data.authAPiData.userType); //data is an array so start with [] and declare diff objs and compare all imp data\n  expect(response.body.data).to.containSubset([{\n    \"roles\": [\"EveryOne\", \"AccountExec\", \"Colt\", \"Request_For_Approval\", \"RemoveUser\", \"ViewMyDraftOrder\", \"RTDTool\", \"AddressDoctor\", \"RaiseFaultTicket\", \"ViewStaticContent\", \"ViewMyLiveServices\", \"EditUser\", \"viewDocument\", \"AddUser\", \"ViewRegulatoryInformation\", \"ViewServices\", \"ViewOrders\", \"ViewBills\", \"ManageDocument\", \"RaiseBillingEnquiry\", \"RaiseServiceTicket\", \"DraftICServices\", \"ViewLiveICServices\", \"ViewTickets\", \"RaiseOtherEnquiry\"],\n    \"firstName\": \"test_123\",\n    \"lastName\": \"qwe\",\n    \"email\": \"Deepesh.Thukral@colt.net\",\n    \"belongsToOCN\": null,\n    \"isAdmin\": false,\n    \"belongsToBCN\": null,\n    \"isPartner\": false,\n    \"title\": \"Mr.\",\n    \"isActive\": true,\n    \"lastLoginDate\": null,\n    \"lastModifiedBy\": null,\n    \"employeeType\": \"Colt Employee\",\n    \"userName\": \"test2020ia\",\n    \"userType\": \"ACCOUNT_EXEC\",\n    \"ochId\": \"\"\n  }]);\n});",
              "err": {},
              "uuid": "72bdea60-de5a-4955-85b6-c1a8bd9cce9d",
              "parentUUID": "eee29539-22a8-4759-9da1-49d79333054b",
              "isHook": false,
              "skipped": false
            }
          ],
          "suites": [],
          "passes": [
            "72bdea60-de5a-4955-85b6-c1a8bd9cce9d"
          ],
          "failures": [],
          "pending": [],
          "skipped": [],
          "duration": 32700,
          "root": false,
          "rootEmpty": false,
          "_timeout": 2000
        }
      ],
      "passes": [],
      "failures": [],
      "pending": [],
      "skipped": [],
      "duration": 0,
      "root": true,
      "rootEmpty": true,
      "_timeout": 2000
    }
  ],
  "meta": {
    "mocha": {
      "version": "7.0.1"
    },
    "mochawesome": {
      "options": {
        "quiet": false,
        "reportFilename": "mochawesome",
        "saveHtml": false,
        "saveJson": true,
        "consoleReporter": "spec",
        "useInlineDiffs": false,
        "code": true
      },
      "version": "6.2.1"
    },
    "marge": {
      "options": {
        "id": "default",
        "reportDir": "cypress/results/mochawesome",
        "quite": true,
        "overwrite": false,
        "html": false,
        "json": true
      },
      "version": "5.1.0"
    }
  }
}