{
  "stats": {
    "suites": 1,
    "tests": 1,
    "passes": 0,
    "pending": 0,
    "failures": 1,
    "start": "2020-12-05T17:37:55.308Z",
    "end": "2020-12-05T17:37:56.524Z",
    "duration": 1216,
    "testsRegistered": 1,
    "passPercent": 0,
    "pendingPercent": 0,
    "other": 0,
    "hasOther": false,
    "skipped": 0,
    "hasSkipped": false
  },
  "results": [
    {
      "uuid": "8a4c0b4e-68c8-4cc5-8959-5c6158ae9c2a",
      "title": "",
      "fullFile": "cypress\\integration\\OnlineWeb\\RegistrationPageTest.js",
      "file": "cypress\\integration\\OnlineWeb\\RegistrationPageTest.js",
      "beforeHooks": [],
      "afterHooks": [],
      "tests": [],
      "suites": [
        {
          "uuid": "048801f4-98a3-4475-a8bb-9f62d8015775",
          "title": "Test Billing Page Registration Functionality",
          "fullFile": "",
          "file": "",
          "beforeHooks": [],
          "afterHooks": [],
          "tests": [
            {
              "title": "should test resgitration functionality in ipad-mini screen",
              "fullTitle": "Test Billing Page Registration Functionality should test resgitration functionality in ipad-mini screen",
              "timedOut": null,
              "duration": 1187,
              "state": "failed",
              "speed": null,
              "pass": false,
              "fail": true,
              "pending": false,
              "context": null,
              "code": "if (Cypress._.isArray(device)) {\n  cy.viewport(device[0], device[1]);\n} else {\n  cy.viewport(device);\n}\nutilPage.visitBillingPage();\nregistrationPage.getRegisterButton().click();\ncy.wait(10000);\nif (!screenshotTaken) {\n  //If screenshot not taken then take screenshot once and not for every iteration of device type\n  utilPage.takePercySnapShot('Registration page'); //After screnshot taken then set it to true so that it's not repeated afterwards\n  screenshotTaken = true;\n}\nregistrationPage.getFirstNameField().type(data.firstName, {\n  force: true\n});\nregistrationPage.getLastNameField().type(data.lastName, {\n  force: true\n});\nregistrationPage.getNextButton().click({\n  force: true\n});\nregistrationPage.getCustomerNumberField().type(data.OCNCustomer, {\n  force: true\n});\nregistrationPage.getNextButtonToUserDetailsPage().click({\n  force: true\n});\nregistrationPage.getEmailAddressTextField().type(data.email, {\n  force: true\n});\nregistrationPage.getPhoneNumberTextField().type(data.phoneNumber, {\n  force: true\n});\nregistrationPage.getNextButton().click({\n  force: true\n});\ncy.wait(6000);\nregistrationPage.getNextButton().click({\n  force: true\n});\nregistrationPage.getNextButton().click({\n  force: true\n});\ncy.wait(4000);\nregistrationPage.getTermsAndConditionsCheckBox().click({\n  force: true\n});\ncy.wait(4000);\nregistrationPage.getSubmitButton().click({\n  force: true\n});\nutilPage.reloadPage();\ncy.wait(6000);",
              "err": {
                "message": "SecurityError: Permission denied to access property \"addEventListener\" on cross-origin object",
                "estack": "SecurityError: Permission denied to access property \"addEventListener\" on cross-origin object\n../driver/node_modules/jquery/dist/jquery.js/</Sizzle</Sizzle.setDocument@https://my.colt.net/__cypress/runner/cypress_runner.js:87268:8\nSizzle@https://my.colt.net/__cypress/runner/cypress_runner.js:86914:15\nfind@https://my.colt.net/__cypress/runner/cypress_runner.js:89055:11\n../driver/node_modules/jquery/dist/jquery.js/</jQuery.fn.init@https://my.colt.net/__cypress/runner/cypress_runner.js:89170:40\nquery@https://my.colt.net/__cypress/runner/cypress_runner.js:179894:10\n$$@https://my.colt.net/__cypress/runner/cypress_runner.js:169195:17\ngetElements@https://my.colt.net/__cypress/runner/cypress_runner.js:158204:20\ntryCatcher@https://my.colt.net/__cypress/runner/cypress_runner.js:10584:23\n../../node_modules/bluebird/js/release/method.js/module.exports/Promise.try@https://my.colt.net/__cypress/runner/cypress_runner.js:7858:29\nresolveElements@https://my.colt.net/__cypress/runner/cypress_runner.js:158254:24\ntryCatcher@https://my.colt.net/__cypress/runner/cypress_runner.js:10584:23\n../../node_modules/bluebird/js/release/method.js/module.exports/Promise.try@https://my.colt.net/__cypress/runner/cypress_runner.js:7858:29\ntryFn@https://my.colt.net/__cypress/runner/cypress_runner.js:165579:18\nwhenStable@https://my.colt.net/__cypress/runner/cypress_runner.js:165617:12\nretry/<@https://my.colt.net/__cypress/runner/cypress_runner.js:165112:16\ntryCatcher@https://my.colt.net/__cypress/runner/cypress_runner.js:10584:23\n../../node_modules/bluebird/js/release/promise.js/</module.exports/Promise.prototype._settlePromiseFromHandler@https://my.colt.net/__cypress/runner/cypress_runner.js:8519:31\n../../node_modules/bluebird/js/release/promise.js/</module.exports/Promise.prototype._settlePromise@https://my.colt.net/__cypress/runner/cypress_runner.js:8576:18\n../../node_modules/bluebird/js/release/promise.js/</module.exports/Promise.prototype._settlePromise0@https://my.colt.net/__cypress/runner/cypress_runner.js:8621:10\n../../node_modules/bluebird/js/release/promise.js/</module.exports/Promise.prototype._settlePromises@https://my.colt.net/__cypress/runner/cypress_runner.js:8701:18\n../../node_modules/bluebird/js/release/promise.js/</module.exports/Promise.prototype._fulfill@https://my.colt.net/__cypress/runner/cypress_runner.js:8645:18\n../../node_modules/bluebird/js/release/timers.js/module.exports/Promise.delay/handle<@https://my.colt.net/__cypress/runner/cypress_runner.js:10259:46\n",
                "diff": null
              },
              "uuid": "4fbb033d-9784-47db-ac5b-0b4557014666",
              "parentUUID": "048801f4-98a3-4475-a8bb-9f62d8015775",
              "isHook": false,
              "skipped": false
            }
          ],
          "suites": [],
          "passes": [],
          "failures": [
            "4fbb033d-9784-47db-ac5b-0b4557014666"
          ],
          "pending": [],
          "skipped": [],
          "duration": 1187,
          "root": false,
          "rootEmpty": false,
          "_timeout": 2000
        }
      ],
      "passes": [],
      "failures": [],
      "pending": [],
      "skipped": [],
      "duration": 0,
      "root": true,
      "rootEmpty": true,
      "_timeout": 2000
    }
  ],
  "meta": {
    "mocha": {
      "version": "7.0.1"
    },
    "mochawesome": {
      "options": {
        "quiet": false,
        "reportFilename": "mochawesome",
        "saveHtml": false,
        "saveJson": true,
        "consoleReporter": "spec",
        "useInlineDiffs": false,
        "code": true
      },
      "version": "6.2.1"
    },
    "marge": {
      "options": {
        "id": "default",
        "reportDir": "cypress/results/mochawesome",
        "quite": true,
        "overwrite": false,
        "html": false,
        "json": true
      },
      "version": "5.1.0"
    }
  }
}