{
  "stats": {
    "suites": 1,
    "tests": 18,
    "passes": 18,
    "pending": 0,
    "failures": 0,
    "start": "2020-12-03T17:40:27.307Z",
    "end": "2020-12-03T17:52:41.594Z",
    "duration": 734287,
    "testsRegistered": 18,
    "passPercent": 100,
    "pendingPercent": 0,
    "other": 0,
    "hasOther": false,
    "skipped": 0,
    "hasSkipped": false
  },
  "results": [
    {
      "uuid": "f402f150-4c10-404c-be58-1edf3b1680d5",
      "title": "",
      "fullFile": "cypress\\integration\\OnlineWeb\\RegistrationPage.js",
      "file": "cypress\\integration\\OnlineWeb\\RegistrationPage.js",
      "beforeHooks": [],
      "afterHooks": [],
      "tests": [],
      "suites": [
        {
          "uuid": "873bfc8e-8e79-448a-94d6-c2513061176e",
          "title": "Test Registarion Functionality",
          "fullFile": "",
          "file": "",
          "beforeHooks": [],
          "afterHooks": [],
          "tests": [
            {
              "title": "should test resgitration functionality in ipad-2 screen",
              "fullTitle": "Test Registarion Functionality should test resgitration functionality in ipad-2 screen",
              "timedOut": null,
              "duration": 45656,
              "state": "passed",
              "speed": "slow",
              "pass": true,
              "fail": false,
              "pending": false,
              "context": null,
              "code": "if (Cypress._.isArray(size)) {\n  cy.viewport(size[0], size[1]);\n} else {\n  cy.viewport(size);\n}\ncy.visit(Cypress.env('url'));\ncy.get('.btnn-secondary').click();\ncy.wait(10000);\nif (!screenshotTaken) {\n  cy.percySnapshot('Registration page');\n  screenshotTaken = true;\n}\ncy.get(':nth-child(1) > .form-control').type('Test');\ncy.get(':nth-child(2) > .form-control').type('User');\ncy.get('.text-right > .btn').click();\ncy.get('.form-control').type('4159132');\ncy.get('.col-xs-5 > .btn').click();\ncy.get('.col-md-12 > .form-control').type('alokverma75@gmail.com');\ncy.get('.intl-tel-input > .form-control').type('07400 123456');\ncy.get('.text-right > .btn').click({\n  force: true\n});\ncy.wait(3000);\ncy.get('.text-right > .btn').click();\ncy.get('.text-right > .btn').click();\ncy.get('.custom-control-label').click();\ncy.wait(4000);\ncy.get('#submitButtonUC01').click({\n  force: true\n}); // cy.clearLocalStorage()\n// cy.clearCookies()\ncy.reload(true); //cy.visit(Cypress.env('url'));\ncy.wait(6000);",
              "err": {},
              "uuid": "dc228402-0bc1-4750-b90a-808fa3595084",
              "parentUUID": "873bfc8e-8e79-448a-94d6-c2513061176e",
              "isHook": false,
              "skipped": false
            },
            {
              "title": "should test resgitration functionality in ipad-mini screen",
              "fullTitle": "Test Registarion Functionality should test resgitration functionality in ipad-mini screen",
              "timedOut": null,
              "duration": 38584,
              "state": "passed",
              "speed": "slow",
              "pass": true,
              "fail": false,
              "pending": false,
              "context": null,
              "code": "if (Cypress._.isArray(size)) {\n  cy.viewport(size[0], size[1]);\n} else {\n  cy.viewport(size);\n}\ncy.visit(Cypress.env('url'));\ncy.get('.btnn-secondary').click();\ncy.wait(10000);\nif (!screenshotTaken) {\n  cy.percySnapshot('Registration page');\n  screenshotTaken = true;\n}\ncy.get(':nth-child(1) > .form-control').type('Test');\ncy.get(':nth-child(2) > .form-control').type('User');\ncy.get('.text-right > .btn').click();\ncy.get('.form-control').type('4159132');\ncy.get('.col-xs-5 > .btn').click();\ncy.get('.col-md-12 > .form-control').type('alokverma75@gmail.com');\ncy.get('.intl-tel-input > .form-control').type('07400 123456');\ncy.get('.text-right > .btn').click({\n  force: true\n});\ncy.wait(3000);\ncy.get('.text-right > .btn').click();\ncy.get('.text-right > .btn').click();\ncy.get('.custom-control-label').click();\ncy.wait(4000);\ncy.get('#submitButtonUC01').click({\n  force: true\n}); // cy.clearLocalStorage()\n// cy.clearCookies()\ncy.reload(true); //cy.visit(Cypress.env('url'));\ncy.wait(6000);",
              "err": {},
              "uuid": "25d24aad-8d86-4785-8a4d-1c822bd217a7",
              "parentUUID": "873bfc8e-8e79-448a-94d6-c2513061176e",
              "isHook": false,
              "skipped": false
            },
            {
              "title": "should test resgitration functionality in iphone-3 screen",
              "fullTitle": "Test Registarion Functionality should test resgitration functionality in iphone-3 screen",
              "timedOut": null,
              "duration": 36320,
              "state": "passed",
              "speed": "slow",
              "pass": true,
              "fail": false,
              "pending": false,
              "context": null,
              "code": "if (Cypress._.isArray(size)) {\n  cy.viewport(size[0], size[1]);\n} else {\n  cy.viewport(size);\n}\ncy.visit(Cypress.env('url'));\ncy.get('.btnn-secondary').click();\ncy.wait(10000);\nif (!screenshotTaken) {\n  cy.percySnapshot('Registration page');\n  screenshotTaken = true;\n}\ncy.get(':nth-child(1) > .form-control').type('Test');\ncy.get(':nth-child(2) > .form-control').type('User');\ncy.get('.text-right > .btn').click();\ncy.get('.form-control').type('4159132');\ncy.get('.col-xs-5 > .btn').click();\ncy.get('.col-md-12 > .form-control').type('alokverma75@gmail.com');\ncy.get('.intl-tel-input > .form-control').type('07400 123456');\ncy.get('.text-right > .btn').click({\n  force: true\n});\ncy.wait(3000);\ncy.get('.text-right > .btn').click();\ncy.get('.text-right > .btn').click();\ncy.get('.custom-control-label').click();\ncy.wait(4000);\ncy.get('#submitButtonUC01').click({\n  force: true\n}); // cy.clearLocalStorage()\n// cy.clearCookies()\ncy.reload(true); //cy.visit(Cypress.env('url'));\ncy.wait(6000);",
              "err": {},
              "uuid": "d5a0f581-3867-4c6a-8b65-fdfc990b1c48",
              "parentUUID": "873bfc8e-8e79-448a-94d6-c2513061176e",
              "isHook": false,
              "skipped": false
            },
            {
              "title": "should test resgitration functionality in iphone-4 screen",
              "fullTitle": "Test Registarion Functionality should test resgitration functionality in iphone-4 screen",
              "timedOut": null,
              "duration": 46444,
              "state": "passed",
              "speed": "slow",
              "pass": true,
              "fail": false,
              "pending": false,
              "context": null,
              "code": "if (Cypress._.isArray(size)) {\n  cy.viewport(size[0], size[1]);\n} else {\n  cy.viewport(size);\n}\ncy.visit(Cypress.env('url'));\ncy.get('.btnn-secondary').click();\ncy.wait(10000);\nif (!screenshotTaken) {\n  cy.percySnapshot('Registration page');\n  screenshotTaken = true;\n}\ncy.get(':nth-child(1) > .form-control').type('Test');\ncy.get(':nth-child(2) > .form-control').type('User');\ncy.get('.text-right > .btn').click();\ncy.get('.form-control').type('4159132');\ncy.get('.col-xs-5 > .btn').click();\ncy.get('.col-md-12 > .form-control').type('alokverma75@gmail.com');\ncy.get('.intl-tel-input > .form-control').type('07400 123456');\ncy.get('.text-right > .btn').click({\n  force: true\n});\ncy.wait(3000);\ncy.get('.text-right > .btn').click();\ncy.get('.text-right > .btn').click();\ncy.get('.custom-control-label').click();\ncy.wait(4000);\ncy.get('#submitButtonUC01').click({\n  force: true\n}); // cy.clearLocalStorage()\n// cy.clearCookies()\ncy.reload(true); //cy.visit(Cypress.env('url'));\ncy.wait(6000);",
              "err": {},
              "uuid": "6ca71d22-3dfd-4304-9652-8f18395bc8bd",
              "parentUUID": "873bfc8e-8e79-448a-94d6-c2513061176e",
              "isHook": false,
              "skipped": false
            },
            {
              "title": "should test resgitration functionality in iphone-5 screen",
              "fullTitle": "Test Registarion Functionality should test resgitration functionality in iphone-5 screen",
              "timedOut": null,
              "duration": 46253,
              "state": "passed",
              "speed": "slow",
              "pass": true,
              "fail": false,
              "pending": false,
              "context": null,
              "code": "if (Cypress._.isArray(size)) {\n  cy.viewport(size[0], size[1]);\n} else {\n  cy.viewport(size);\n}\ncy.visit(Cypress.env('url'));\ncy.get('.btnn-secondary').click();\ncy.wait(10000);\nif (!screenshotTaken) {\n  cy.percySnapshot('Registration page');\n  screenshotTaken = true;\n}\ncy.get(':nth-child(1) > .form-control').type('Test');\ncy.get(':nth-child(2) > .form-control').type('User');\ncy.get('.text-right > .btn').click();\ncy.get('.form-control').type('4159132');\ncy.get('.col-xs-5 > .btn').click();\ncy.get('.col-md-12 > .form-control').type('alokverma75@gmail.com');\ncy.get('.intl-tel-input > .form-control').type('07400 123456');\ncy.get('.text-right > .btn').click({\n  force: true\n});\ncy.wait(3000);\ncy.get('.text-right > .btn').click();\ncy.get('.text-right > .btn').click();\ncy.get('.custom-control-label').click();\ncy.wait(4000);\ncy.get('#submitButtonUC01').click({\n  force: true\n}); // cy.clearLocalStorage()\n// cy.clearCookies()\ncy.reload(true); //cy.visit(Cypress.env('url'));\ncy.wait(6000);",
              "err": {},
              "uuid": "8eb0c435-5041-4928-a28b-eabc621f3b6c",
              "parentUUID": "873bfc8e-8e79-448a-94d6-c2513061176e",
              "isHook": false,
              "skipped": false
            },
            {
              "title": "should test resgitration functionality in iphone-6 screen",
              "fullTitle": "Test Registarion Functionality should test resgitration functionality in iphone-6 screen",
              "timedOut": null,
              "duration": 41796,
              "state": "passed",
              "speed": "slow",
              "pass": true,
              "fail": false,
              "pending": false,
              "context": null,
              "code": "if (Cypress._.isArray(size)) {\n  cy.viewport(size[0], size[1]);\n} else {\n  cy.viewport(size);\n}\ncy.visit(Cypress.env('url'));\ncy.get('.btnn-secondary').click();\ncy.wait(10000);\nif (!screenshotTaken) {\n  cy.percySnapshot('Registration page');\n  screenshotTaken = true;\n}\ncy.get(':nth-child(1) > .form-control').type('Test');\ncy.get(':nth-child(2) > .form-control').type('User');\ncy.get('.text-right > .btn').click();\ncy.get('.form-control').type('4159132');\ncy.get('.col-xs-5 > .btn').click();\ncy.get('.col-md-12 > .form-control').type('alokverma75@gmail.com');\ncy.get('.intl-tel-input > .form-control').type('07400 123456');\ncy.get('.text-right > .btn').click({\n  force: true\n});\ncy.wait(3000);\ncy.get('.text-right > .btn').click();\ncy.get('.text-right > .btn').click();\ncy.get('.custom-control-label').click();\ncy.wait(4000);\ncy.get('#submitButtonUC01').click({\n  force: true\n}); // cy.clearLocalStorage()\n// cy.clearCookies()\ncy.reload(true); //cy.visit(Cypress.env('url'));\ncy.wait(6000);",
              "err": {},
              "uuid": "ba166ef3-ec42-4bc3-ac24-9f172241d861",
              "parentUUID": "873bfc8e-8e79-448a-94d6-c2513061176e",
              "isHook": false,
              "skipped": false
            },
            {
              "title": "should test resgitration functionality in iphone-6+ screen",
              "fullTitle": "Test Registarion Functionality should test resgitration functionality in iphone-6+ screen",
              "timedOut": null,
              "duration": 39538,
              "state": "passed",
              "speed": "slow",
              "pass": true,
              "fail": false,
              "pending": false,
              "context": null,
              "code": "if (Cypress._.isArray(size)) {\n  cy.viewport(size[0], size[1]);\n} else {\n  cy.viewport(size);\n}\ncy.visit(Cypress.env('url'));\ncy.get('.btnn-secondary').click();\ncy.wait(10000);\nif (!screenshotTaken) {\n  cy.percySnapshot('Registration page');\n  screenshotTaken = true;\n}\ncy.get(':nth-child(1) > .form-control').type('Test');\ncy.get(':nth-child(2) > .form-control').type('User');\ncy.get('.text-right > .btn').click();\ncy.get('.form-control').type('4159132');\ncy.get('.col-xs-5 > .btn').click();\ncy.get('.col-md-12 > .form-control').type('alokverma75@gmail.com');\ncy.get('.intl-tel-input > .form-control').type('07400 123456');\ncy.get('.text-right > .btn').click({\n  force: true\n});\ncy.wait(3000);\ncy.get('.text-right > .btn').click();\ncy.get('.text-right > .btn').click();\ncy.get('.custom-control-label').click();\ncy.wait(4000);\ncy.get('#submitButtonUC01').click({\n  force: true\n}); // cy.clearLocalStorage()\n// cy.clearCookies()\ncy.reload(true); //cy.visit(Cypress.env('url'));\ncy.wait(6000);",
              "err": {},
              "uuid": "59951cfe-c064-4b4c-aefb-29b748510b83",
              "parentUUID": "873bfc8e-8e79-448a-94d6-c2513061176e",
              "isHook": false,
              "skipped": false
            },
            {
              "title": "should test resgitration functionality in iphone-7 screen",
              "fullTitle": "Test Registarion Functionality should test resgitration functionality in iphone-7 screen",
              "timedOut": null,
              "duration": 40628,
              "state": "passed",
              "speed": "slow",
              "pass": true,
              "fail": false,
              "pending": false,
              "context": null,
              "code": "if (Cypress._.isArray(size)) {\n  cy.viewport(size[0], size[1]);\n} else {\n  cy.viewport(size);\n}\ncy.visit(Cypress.env('url'));\ncy.get('.btnn-secondary').click();\ncy.wait(10000);\nif (!screenshotTaken) {\n  cy.percySnapshot('Registration page');\n  screenshotTaken = true;\n}\ncy.get(':nth-child(1) > .form-control').type('Test');\ncy.get(':nth-child(2) > .form-control').type('User');\ncy.get('.text-right > .btn').click();\ncy.get('.form-control').type('4159132');\ncy.get('.col-xs-5 > .btn').click();\ncy.get('.col-md-12 > .form-control').type('alokverma75@gmail.com');\ncy.get('.intl-tel-input > .form-control').type('07400 123456');\ncy.get('.text-right > .btn').click({\n  force: true\n});\ncy.wait(3000);\ncy.get('.text-right > .btn').click();\ncy.get('.text-right > .btn').click();\ncy.get('.custom-control-label').click();\ncy.wait(4000);\ncy.get('#submitButtonUC01').click({\n  force: true\n}); // cy.clearLocalStorage()\n// cy.clearCookies()\ncy.reload(true); //cy.visit(Cypress.env('url'));\ncy.wait(6000);",
              "err": {},
              "uuid": "1f9a2f3a-1dd1-4e8e-95cf-a4a71d1b7140",
              "parentUUID": "873bfc8e-8e79-448a-94d6-c2513061176e",
              "isHook": false,
              "skipped": false
            },
            {
              "title": "should test resgitration functionality in iphone-8 screen",
              "fullTitle": "Test Registarion Functionality should test resgitration functionality in iphone-8 screen",
              "timedOut": null,
              "duration": 37767,
              "state": "passed",
              "speed": "slow",
              "pass": true,
              "fail": false,
              "pending": false,
              "context": null,
              "code": "if (Cypress._.isArray(size)) {\n  cy.viewport(size[0], size[1]);\n} else {\n  cy.viewport(size);\n}\ncy.visit(Cypress.env('url'));\ncy.get('.btnn-secondary').click();\ncy.wait(10000);\nif (!screenshotTaken) {\n  cy.percySnapshot('Registration page');\n  screenshotTaken = true;\n}\ncy.get(':nth-child(1) > .form-control').type('Test');\ncy.get(':nth-child(2) > .form-control').type('User');\ncy.get('.text-right > .btn').click();\ncy.get('.form-control').type('4159132');\ncy.get('.col-xs-5 > .btn').click();\ncy.get('.col-md-12 > .form-control').type('alokverma75@gmail.com');\ncy.get('.intl-tel-input > .form-control').type('07400 123456');\ncy.get('.text-right > .btn').click({\n  force: true\n});\ncy.wait(3000);\ncy.get('.text-right > .btn').click();\ncy.get('.text-right > .btn').click();\ncy.get('.custom-control-label').click();\ncy.wait(4000);\ncy.get('#submitButtonUC01').click({\n  force: true\n}); // cy.clearLocalStorage()\n// cy.clearCookies()\ncy.reload(true); //cy.visit(Cypress.env('url'));\ncy.wait(6000);",
              "err": {},
              "uuid": "09122b20-5e92-461a-9d48-3dc44a4fce4c",
              "parentUUID": "873bfc8e-8e79-448a-94d6-c2513061176e",
              "isHook": false,
              "skipped": false
            },
            {
              "title": "should test resgitration functionality in iphone-x screen",
              "fullTitle": "Test Registarion Functionality should test resgitration functionality in iphone-x screen",
              "timedOut": null,
              "duration": 40484,
              "state": "passed",
              "speed": "slow",
              "pass": true,
              "fail": false,
              "pending": false,
              "context": null,
              "code": "if (Cypress._.isArray(size)) {\n  cy.viewport(size[0], size[1]);\n} else {\n  cy.viewport(size);\n}\ncy.visit(Cypress.env('url'));\ncy.get('.btnn-secondary').click();\ncy.wait(10000);\nif (!screenshotTaken) {\n  cy.percySnapshot('Registration page');\n  screenshotTaken = true;\n}\ncy.get(':nth-child(1) > .form-control').type('Test');\ncy.get(':nth-child(2) > .form-control').type('User');\ncy.get('.text-right > .btn').click();\ncy.get('.form-control').type('4159132');\ncy.get('.col-xs-5 > .btn').click();\ncy.get('.col-md-12 > .form-control').type('alokverma75@gmail.com');\ncy.get('.intl-tel-input > .form-control').type('07400 123456');\ncy.get('.text-right > .btn').click({\n  force: true\n});\ncy.wait(3000);\ncy.get('.text-right > .btn').click();\ncy.get('.text-right > .btn').click();\ncy.get('.custom-control-label').click();\ncy.wait(4000);\ncy.get('#submitButtonUC01').click({\n  force: true\n}); // cy.clearLocalStorage()\n// cy.clearCookies()\ncy.reload(true); //cy.visit(Cypress.env('url'));\ncy.wait(6000);",
              "err": {},
              "uuid": "139faf69-f903-4c5c-8be3-ae7500302994",
              "parentUUID": "873bfc8e-8e79-448a-94d6-c2513061176e",
              "isHook": false,
              "skipped": false
            },
            {
              "title": "should test resgitration functionality in iphone-xr screen",
              "fullTitle": "Test Registarion Functionality should test resgitration functionality in iphone-xr screen",
              "timedOut": null,
              "duration": 38414,
              "state": "passed",
              "speed": "slow",
              "pass": true,
              "fail": false,
              "pending": false,
              "context": null,
              "code": "if (Cypress._.isArray(size)) {\n  cy.viewport(size[0], size[1]);\n} else {\n  cy.viewport(size);\n}\ncy.visit(Cypress.env('url'));\ncy.get('.btnn-secondary').click();\ncy.wait(10000);\nif (!screenshotTaken) {\n  cy.percySnapshot('Registration page');\n  screenshotTaken = true;\n}\ncy.get(':nth-child(1) > .form-control').type('Test');\ncy.get(':nth-child(2) > .form-control').type('User');\ncy.get('.text-right > .btn').click();\ncy.get('.form-control').type('4159132');\ncy.get('.col-xs-5 > .btn').click();\ncy.get('.col-md-12 > .form-control').type('alokverma75@gmail.com');\ncy.get('.intl-tel-input > .form-control').type('07400 123456');\ncy.get('.text-right > .btn').click({\n  force: true\n});\ncy.wait(3000);\ncy.get('.text-right > .btn').click();\ncy.get('.text-right > .btn').click();\ncy.get('.custom-control-label').click();\ncy.wait(4000);\ncy.get('#submitButtonUC01').click({\n  force: true\n}); // cy.clearLocalStorage()\n// cy.clearCookies()\ncy.reload(true); //cy.visit(Cypress.env('url'));\ncy.wait(6000);",
              "err": {},
              "uuid": "2fa6c5e0-4588-4a5c-bd7a-5997387238bc",
              "parentUUID": "873bfc8e-8e79-448a-94d6-c2513061176e",
              "isHook": false,
              "skipped": false
            },
            {
              "title": "should test resgitration functionality in iphone-se2 screen",
              "fullTitle": "Test Registarion Functionality should test resgitration functionality in iphone-se2 screen",
              "timedOut": null,
              "duration": 39023,
              "state": "passed",
              "speed": "slow",
              "pass": true,
              "fail": false,
              "pending": false,
              "context": null,
              "code": "if (Cypress._.isArray(size)) {\n  cy.viewport(size[0], size[1]);\n} else {\n  cy.viewport(size);\n}\ncy.visit(Cypress.env('url'));\ncy.get('.btnn-secondary').click();\ncy.wait(10000);\nif (!screenshotTaken) {\n  cy.percySnapshot('Registration page');\n  screenshotTaken = true;\n}\ncy.get(':nth-child(1) > .form-control').type('Test');\ncy.get(':nth-child(2) > .form-control').type('User');\ncy.get('.text-right > .btn').click();\ncy.get('.form-control').type('4159132');\ncy.get('.col-xs-5 > .btn').click();\ncy.get('.col-md-12 > .form-control').type('alokverma75@gmail.com');\ncy.get('.intl-tel-input > .form-control').type('07400 123456');\ncy.get('.text-right > .btn').click({\n  force: true\n});\ncy.wait(3000);\ncy.get('.text-right > .btn').click();\ncy.get('.text-right > .btn').click();\ncy.get('.custom-control-label').click();\ncy.wait(4000);\ncy.get('#submitButtonUC01').click({\n  force: true\n}); // cy.clearLocalStorage()\n// cy.clearCookies()\ncy.reload(true); //cy.visit(Cypress.env('url'));\ncy.wait(6000);",
              "err": {},
              "uuid": "61ef9a96-1396-4f24-89bd-f14c5872a5c3",
              "parentUUID": "873bfc8e-8e79-448a-94d6-c2513061176e",
              "isHook": false,
              "skipped": false
            },
            {
              "title": "should test resgitration functionality in macbook-11 screen",
              "fullTitle": "Test Registarion Functionality should test resgitration functionality in macbook-11 screen",
              "timedOut": null,
              "duration": 40741,
              "state": "passed",
              "speed": "slow",
              "pass": true,
              "fail": false,
              "pending": false,
              "context": null,
              "code": "if (Cypress._.isArray(size)) {\n  cy.viewport(size[0], size[1]);\n} else {\n  cy.viewport(size);\n}\ncy.visit(Cypress.env('url'));\ncy.get('.btnn-secondary').click();\ncy.wait(10000);\nif (!screenshotTaken) {\n  cy.percySnapshot('Registration page');\n  screenshotTaken = true;\n}\ncy.get(':nth-child(1) > .form-control').type('Test');\ncy.get(':nth-child(2) > .form-control').type('User');\ncy.get('.text-right > .btn').click();\ncy.get('.form-control').type('4159132');\ncy.get('.col-xs-5 > .btn').click();\ncy.get('.col-md-12 > .form-control').type('alokverma75@gmail.com');\ncy.get('.intl-tel-input > .form-control').type('07400 123456');\ncy.get('.text-right > .btn').click({\n  force: true\n});\ncy.wait(3000);\ncy.get('.text-right > .btn').click();\ncy.get('.text-right > .btn').click();\ncy.get('.custom-control-label').click();\ncy.wait(4000);\ncy.get('#submitButtonUC01').click({\n  force: true\n}); // cy.clearLocalStorage()\n// cy.clearCookies()\ncy.reload(true); //cy.visit(Cypress.env('url'));\ncy.wait(6000);",
              "err": {},
              "uuid": "80a3f639-40a2-41b6-92af-77f0307cf824",
              "parentUUID": "873bfc8e-8e79-448a-94d6-c2513061176e",
              "isHook": false,
              "skipped": false
            },
            {
              "title": "should test resgitration functionality in macbook-13 screen",
              "fullTitle": "Test Registarion Functionality should test resgitration functionality in macbook-13 screen",
              "timedOut": null,
              "duration": 41670,
              "state": "passed",
              "speed": "slow",
              "pass": true,
              "fail": false,
              "pending": false,
              "context": null,
              "code": "if (Cypress._.isArray(size)) {\n  cy.viewport(size[0], size[1]);\n} else {\n  cy.viewport(size);\n}\ncy.visit(Cypress.env('url'));\ncy.get('.btnn-secondary').click();\ncy.wait(10000);\nif (!screenshotTaken) {\n  cy.percySnapshot('Registration page');\n  screenshotTaken = true;\n}\ncy.get(':nth-child(1) > .form-control').type('Test');\ncy.get(':nth-child(2) > .form-control').type('User');\ncy.get('.text-right > .btn').click();\ncy.get('.form-control').type('4159132');\ncy.get('.col-xs-5 > .btn').click();\ncy.get('.col-md-12 > .form-control').type('alokverma75@gmail.com');\ncy.get('.intl-tel-input > .form-control').type('07400 123456');\ncy.get('.text-right > .btn').click({\n  force: true\n});\ncy.wait(3000);\ncy.get('.text-right > .btn').click();\ncy.get('.text-right > .btn').click();\ncy.get('.custom-control-label').click();\ncy.wait(4000);\ncy.get('#submitButtonUC01').click({\n  force: true\n}); // cy.clearLocalStorage()\n// cy.clearCookies()\ncy.reload(true); //cy.visit(Cypress.env('url'));\ncy.wait(6000);",
              "err": {},
              "uuid": "bd6d4300-785c-46c2-9c59-5590801568e6",
              "parentUUID": "873bfc8e-8e79-448a-94d6-c2513061176e",
              "isHook": false,
              "skipped": false
            },
            {
              "title": "should test resgitration functionality in macbook-15 screen",
              "fullTitle": "Test Registarion Functionality should test resgitration functionality in macbook-15 screen",
              "timedOut": null,
              "duration": 40710,
              "state": "passed",
              "speed": "slow",
              "pass": true,
              "fail": false,
              "pending": false,
              "context": null,
              "code": "if (Cypress._.isArray(size)) {\n  cy.viewport(size[0], size[1]);\n} else {\n  cy.viewport(size);\n}\ncy.visit(Cypress.env('url'));\ncy.get('.btnn-secondary').click();\ncy.wait(10000);\nif (!screenshotTaken) {\n  cy.percySnapshot('Registration page');\n  screenshotTaken = true;\n}\ncy.get(':nth-child(1) > .form-control').type('Test');\ncy.get(':nth-child(2) > .form-control').type('User');\ncy.get('.text-right > .btn').click();\ncy.get('.form-control').type('4159132');\ncy.get('.col-xs-5 > .btn').click();\ncy.get('.col-md-12 > .form-control').type('alokverma75@gmail.com');\ncy.get('.intl-tel-input > .form-control').type('07400 123456');\ncy.get('.text-right > .btn').click({\n  force: true\n});\ncy.wait(3000);\ncy.get('.text-right > .btn').click();\ncy.get('.text-right > .btn').click();\ncy.get('.custom-control-label').click();\ncy.wait(4000);\ncy.get('#submitButtonUC01').click({\n  force: true\n}); // cy.clearLocalStorage()\n// cy.clearCookies()\ncy.reload(true); //cy.visit(Cypress.env('url'));\ncy.wait(6000);",
              "err": {},
              "uuid": "4a355dca-abe7-457b-8105-1d6836f9feae",
              "parentUUID": "873bfc8e-8e79-448a-94d6-c2513061176e",
              "isHook": false,
              "skipped": false
            },
            {
              "title": "should test resgitration functionality in macbook-16 screen",
              "fullTitle": "Test Registarion Functionality should test resgitration functionality in macbook-16 screen",
              "timedOut": null,
              "duration": 40234,
              "state": "passed",
              "speed": "slow",
              "pass": true,
              "fail": false,
              "pending": false,
              "context": null,
              "code": "if (Cypress._.isArray(size)) {\n  cy.viewport(size[0], size[1]);\n} else {\n  cy.viewport(size);\n}\ncy.visit(Cypress.env('url'));\ncy.get('.btnn-secondary').click();\ncy.wait(10000);\nif (!screenshotTaken) {\n  cy.percySnapshot('Registration page');\n  screenshotTaken = true;\n}\ncy.get(':nth-child(1) > .form-control').type('Test');\ncy.get(':nth-child(2) > .form-control').type('User');\ncy.get('.text-right > .btn').click();\ncy.get('.form-control').type('4159132');\ncy.get('.col-xs-5 > .btn').click();\ncy.get('.col-md-12 > .form-control').type('alokverma75@gmail.com');\ncy.get('.intl-tel-input > .form-control').type('07400 123456');\ncy.get('.text-right > .btn').click({\n  force: true\n});\ncy.wait(3000);\ncy.get('.text-right > .btn').click();\ncy.get('.text-right > .btn').click();\ncy.get('.custom-control-label').click();\ncy.wait(4000);\ncy.get('#submitButtonUC01').click({\n  force: true\n}); // cy.clearLocalStorage()\n// cy.clearCookies()\ncy.reload(true); //cy.visit(Cypress.env('url'));\ncy.wait(6000);",
              "err": {},
              "uuid": "85b0a3bb-66e7-431f-9009-bcfd1aa231e3",
              "parentUUID": "873bfc8e-8e79-448a-94d6-c2513061176e",
              "isHook": false,
              "skipped": false
            },
            {
              "title": "should test resgitration functionality in samsung-note9 screen",
              "fullTitle": "Test Registarion Functionality should test resgitration functionality in samsung-note9 screen",
              "timedOut": null,
              "duration": 40489,
              "state": "passed",
              "speed": "slow",
              "pass": true,
              "fail": false,
              "pending": false,
              "context": null,
              "code": "if (Cypress._.isArray(size)) {\n  cy.viewport(size[0], size[1]);\n} else {\n  cy.viewport(size);\n}\ncy.visit(Cypress.env('url'));\ncy.get('.btnn-secondary').click();\ncy.wait(10000);\nif (!screenshotTaken) {\n  cy.percySnapshot('Registration page');\n  screenshotTaken = true;\n}\ncy.get(':nth-child(1) > .form-control').type('Test');\ncy.get(':nth-child(2) > .form-control').type('User');\ncy.get('.text-right > .btn').click();\ncy.get('.form-control').type('4159132');\ncy.get('.col-xs-5 > .btn').click();\ncy.get('.col-md-12 > .form-control').type('alokverma75@gmail.com');\ncy.get('.intl-tel-input > .form-control').type('07400 123456');\ncy.get('.text-right > .btn').click({\n  force: true\n});\ncy.wait(3000);\ncy.get('.text-right > .btn').click();\ncy.get('.text-right > .btn').click();\ncy.get('.custom-control-label').click();\ncy.wait(4000);\ncy.get('#submitButtonUC01').click({\n  force: true\n}); // cy.clearLocalStorage()\n// cy.clearCookies()\ncy.reload(true); //cy.visit(Cypress.env('url'));\ncy.wait(6000);",
              "err": {},
              "uuid": "ab62d35f-d2a0-4dfe-b948-ecc8ea924d4d",
              "parentUUID": "873bfc8e-8e79-448a-94d6-c2513061176e",
              "isHook": false,
              "skipped": false
            },
            {
              "title": "should test resgitration functionality in samsung-s10 screen",
              "fullTitle": "Test Registarion Functionality should test resgitration functionality in samsung-s10 screen",
              "timedOut": null,
              "duration": 39150,
              "state": "passed",
              "speed": "slow",
              "pass": true,
              "fail": false,
              "pending": false,
              "context": null,
              "code": "if (Cypress._.isArray(size)) {\n  cy.viewport(size[0], size[1]);\n} else {\n  cy.viewport(size);\n}\ncy.visit(Cypress.env('url'));\ncy.get('.btnn-secondary').click();\ncy.wait(10000);\nif (!screenshotTaken) {\n  cy.percySnapshot('Registration page');\n  screenshotTaken = true;\n}\ncy.get(':nth-child(1) > .form-control').type('Test');\ncy.get(':nth-child(2) > .form-control').type('User');\ncy.get('.text-right > .btn').click();\ncy.get('.form-control').type('4159132');\ncy.get('.col-xs-5 > .btn').click();\ncy.get('.col-md-12 > .form-control').type('alokverma75@gmail.com');\ncy.get('.intl-tel-input > .form-control').type('07400 123456');\ncy.get('.text-right > .btn').click({\n  force: true\n});\ncy.wait(3000);\ncy.get('.text-right > .btn').click();\ncy.get('.text-right > .btn').click();\ncy.get('.custom-control-label').click();\ncy.wait(4000);\ncy.get('#submitButtonUC01').click({\n  force: true\n}); // cy.clearLocalStorage()\n// cy.clearCookies()\ncy.reload(true); //cy.visit(Cypress.env('url'));\ncy.wait(6000);",
              "err": {},
              "uuid": "83e35899-de64-4781-a037-b71cbac4e0aa",
              "parentUUID": "873bfc8e-8e79-448a-94d6-c2513061176e",
              "isHook": false,
              "skipped": false
            }
          ],
          "suites": [],
          "passes": [
            "dc228402-0bc1-4750-b90a-808fa3595084",
            "25d24aad-8d86-4785-8a4d-1c822bd217a7",
            "d5a0f581-3867-4c6a-8b65-fdfc990b1c48",
            "6ca71d22-3dfd-4304-9652-8f18395bc8bd",
            "8eb0c435-5041-4928-a28b-eabc621f3b6c",
            "ba166ef3-ec42-4bc3-ac24-9f172241d861",
            "59951cfe-c064-4b4c-aefb-29b748510b83",
            "1f9a2f3a-1dd1-4e8e-95cf-a4a71d1b7140",
            "09122b20-5e92-461a-9d48-3dc44a4fce4c",
            "139faf69-f903-4c5c-8be3-ae7500302994",
            "2fa6c5e0-4588-4a5c-bd7a-5997387238bc",
            "61ef9a96-1396-4f24-89bd-f14c5872a5c3",
            "80a3f639-40a2-41b6-92af-77f0307cf824",
            "bd6d4300-785c-46c2-9c59-5590801568e6",
            "4a355dca-abe7-457b-8105-1d6836f9feae",
            "85b0a3bb-66e7-431f-9009-bcfd1aa231e3",
            "ab62d35f-d2a0-4dfe-b948-ecc8ea924d4d",
            "83e35899-de64-4781-a037-b71cbac4e0aa"
          ],
          "failures": [],
          "pending": [],
          "skipped": [],
          "duration": 733901,
          "root": false,
          "rootEmpty": false,
          "_timeout": 2000
        }
      ],
      "passes": [],
      "failures": [],
      "pending": [],
      "skipped": [],
      "duration": 0,
      "root": true,
      "rootEmpty": true,
      "_timeout": 2000
    }
  ],
  "meta": {
    "mocha": {
      "version": "7.0.1"
    },
    "mochawesome": {
      "options": {
        "quiet": false,
        "reportFilename": "mochawesome",
        "saveHtml": true,
        "saveJson": true,
        "consoleReporter": "spec",
        "useInlineDiffs": false,
        "code": true
      },
      "version": "6.2.1"
    },
    "marge": {
      "options": null,
      "version": "5.1.0"
    }
  }
}